\BOOKMARK [1][-]{section*.2}{ Lijst van Figuren}{}% 1
\BOOKMARK [1][-]{section*.3}{ Lijst van Tabellen}{}% 2
\BOOKMARK [1][-]{section.1}{Partial Differential Equations}{}% 3
\BOOKMARK [2][-]{subsection.1.1}{Opgave 1: Implementatie en controle}{section.1}% 4
\BOOKMARK [2][-]{subsection.1.2}{Opgave 2: Fouten en tijdsduur}{section.1}% 5
\BOOKMARK [2][-]{subsection.1.3}{Opgave 3: Plot}{section.1}% 6
\BOOKMARK [1][-]{section.2}{Splines}{}% 7
\BOOKMARK [2][-]{subsection.2.1}{Opgave 4: Implementatie}{section.2}% 8
\BOOKMARK [2][-]{subsection.2.2}{Opgave 5: Illustratie correctheid}{section.2}% 9
\BOOKMARK [2][-]{subsection.2.3}{Opgave 6: Ligging knooppunten}{section.2}% 10
\BOOKMARK [2][-]{subsection.2.4}{Opgave 7: Ruis}{section.2}% 11
\BOOKMARK [1][-]{section.3}{Code}{}% 12
\BOOKMARK [2][-]{subsection.3.1}{PDE Code}{section.3}% 13
\BOOKMARK [3][-]{subsubsection.3.1.1}{PDE.m}{subsection.3.1}% 14
\BOOKMARK [3][-]{subsubsection.3.1.2}{Opgave1.m}{subsection.3.1}% 15
\BOOKMARK [3][-]{subsubsection.3.1.3}{Opgave2.m}{subsection.3.1}% 16
\BOOKMARK [3][-]{subsubsection.3.1.4}{Opgave3.m}{subsection.3.1}% 17
\BOOKMARK [2][-]{subsection.3.2}{Spline Code}{section.3}% 18
\BOOKMARK [3][-]{subsubsection.3.2.1}{KKB Spline}{subsection.3.2}% 19
\BOOKMARK [3][-]{subsubsection.3.2.2}{deBoor.m}{subsection.3.2}% 20
\BOOKMARK [3][-]{subsubsection.3.2.3}{createM.m}{subsection.3.2}% 21
\BOOKMARK [3][-]{subsubsection.3.2.4}{Opgave5.m}{subsection.3.2}% 22
\BOOKMARK [3][-]{subsubsection.3.2.5}{Opgave6.m}{subsection.3.2}% 23
\BOOKMARK [3][-]{subsubsection.3.2.6}{Opgave7.m}{subsection.3.2}% 24
